{"level":"info","message":"Journey Creation School Pipeline server running on port 3000","timestamp":"2025-11-15T18:49:10.513Z"}
{"jobId":"9c74b6dc-1c02-4b63-8065-844550225970","level":"info","message":"Starting chapter processing for var-intro-001","metadata":{"chapter_id":"var-intro-001","grade_band":"6","language":"en-IN","subject":"Programming","teacher_review":false},"timestamp":"2025-11-15T18:50:08.422Z"}
{"error":null,"level":"info","message":"Job 9c74b6dc-1c02-4b63-8065-844550225970 status updated to processing","progress":10,"timestamp":"2025-11-15T18:50:08.422Z"}
{"level":"info","message":"Step 1: Processing PDF for var-intro-001","timestamp":"2025-11-15T18:50:08.422Z"}
{"error":null,"level":"info","message":"Job 9c74b6dc-1c02-4b63-8065-844550225970 status updated to extracting_text","progress":20,"timestamp":"2025-11-15T18:50:08.423Z"}
{"error":"PDF processing failed: {\"chapter_id\":\"var-intro-001\",\"failed_stage\":\"processing_error\",\"fail_reasons\":[\"Invalid file type - must be PDF\"],\"processing_time_ms\":1,\"suggested_action\":\"retry_with_debug\"}","level":"error","message":"Chapter processing failed for job 9c74b6dc-1c02-4b63-8065-844550225970","stack":"Error: PDF processing failed: {\"chapter_id\":\"var-intro-001\",\"failed_stage\":\"processing_error\",\"fail_reasons\":[\"Invalid file type - must be PDF\"],\"processing_time_ms\":1,\"suggested_action\":\"retry_with_debug\"}\n    at processChapter (D:\\Startups\\Wisme\\Dev\\Journey-Creation\\server.js:425:13)\n    at process.processTicksAndRejections (node:internal/process/task_queues:105:5)","timestamp":"2025-11-15T18:50:08.424Z"}
{"error":"PDF processing failed: {\"chapter_id\":\"var-intro-001\",\"failed_stage\":\"processing_error\",\"fail_reasons\":[\"Invalid file type - must be PDF\"],\"processing_time_ms\":1,\"suggested_action\":\"retry_with_debug\"}","level":"info","message":"Job 9c74b6dc-1c02-4b63-8065-844550225970 status updated to failed","progress":null,"timestamp":"2025-11-15T18:50:08.425Z"}
{"jobId":"ae1ca661-cea8-4e90-9cb9-7442ae36413d","level":"info","message":"Starting chapter processing for var-intro-002","metadata":{"chapter_id":"var-intro-002","grade_band":"6","language":"en-IN","subject":"Programming","teacher_review":false},"timestamp":"2025-11-15T18:51:30.844Z"}
{"error":null,"level":"info","message":"Job ae1ca661-cea8-4e90-9cb9-7442ae36413d status updated to processing","progress":10,"timestamp":"2025-11-15T18:51:30.844Z"}
{"level":"info","message":"Step 1: Processing PDF for var-intro-002","timestamp":"2025-11-15T18:51:30.844Z"}
{"error":null,"level":"info","message":"Job ae1ca661-cea8-4e90-9cb9-7442ae36413d status updated to extracting_text","progress":20,"timestamp":"2025-11-15T18:51:30.844Z"}
{"level":"info","message":"Journey Creation School Pipeline server running on port 3000","timestamp":"2025-11-15T18:54:11.404Z"}
{"jobId":"c69224c5-f3b2-4ef5-8c8c-a35b4026654a","level":"info","message":"Starting chapter processing for var-intro-003","metadata":{"chapter_id":"var-intro-003","grade_band":"6","language":"en-IN","subject":"Programming","teacher_review":false},"timestamp":"2025-11-15T18:55:17.393Z"}
{"error":null,"level":"info","message":"Job c69224c5-f3b2-4ef5-8c8c-a35b4026654a status updated to processing","progress":10,"timestamp":"2025-11-15T18:55:17.394Z"}
{"level":"info","message":"Step 1: Processing PDF for var-intro-003","timestamp":"2025-11-15T18:55:17.394Z"}
{"error":null,"level":"info","message":"Job c69224c5-f3b2-4ef5-8c8c-a35b4026654a status updated to extracting_text","progress":20,"timestamp":"2025-11-15T18:55:17.394Z"}
{"error":null,"level":"info","message":"Job c69224c5-f3b2-4ef5-8c8c-a35b4026654a status updated to analyzing_content","progress":30,"timestamp":"2025-11-15T18:55:17.523Z"}
{"level":"info","message":"Step 2: Extracting concepts for var-intro-003","timestamp":"2025-11-15T18:55:17.523Z"}
{"level":"info","message":"Saved concepts.json to D:\\Startups\\Wisme\\Dev\\Journey-Creation\\outputs\\chapter_var-intro-003\\concepts.json","timestamp":"2025-11-15T18:55:17.544Z"}
{"error":null,"level":"info","message":"Job c69224c5-f3b2-4ef5-8c8c-a35b4026654a status updated to planning_episodes","progress":40,"timestamp":"2025-11-15T18:55:17.545Z"}
{"level":"info","message":"Step 3: Planning episodes for var-intro-003","timestamp":"2025-11-15T18:55:17.545Z"}
{"level":"info","message":"Saved episode_plan.json to D:\\Startups\\Wisme\\Dev\\Journey-Creation\\outputs\\chapter_var-intro-003\\episode_plan.json","timestamp":"2025-11-15T18:55:17.556Z"}
{"error":null,"level":"info","message":"Job c69224c5-f3b2-4ef5-8c8c-a35b4026654a status updated to generating_scripts","progress":50,"timestamp":"2025-11-15T18:55:17.556Z"}
{"level":"info","message":"Step 4: Generating content for 1 episodes","timestamp":"2025-11-15T18:55:17.556Z"}
{"error":null,"level":"info","message":"Job c69224c5-f3b2-4ef5-8c8c-a35b4026654a status updated to generating_episode_1","progress":50,"timestamp":"2025-11-15T18:55:17.556Z"}
{"error":null,"level":"info","message":"Job c69224c5-f3b2-4ef5-8c8c-a35b4026654a status updated to generating_audio","progress":80,"timestamp":"2025-11-15T18:55:17.570Z"}
{"level":"info","message":"Step 5: Generating audio for all episodes","timestamp":"2025-11-15T18:55:17.571Z"}
{"error":"Google TTS not initialized","level":"error","message":"Chapter processing failed for job c69224c5-f3b2-4ef5-8c8c-a35b4026654a","stack":"Error: Google TTS not initialized\n    at TTSOrchestrator.generateEpisodeAudio (D:\\Startups\\Wisme\\Dev\\Journey-Creation\\services\\tts\\tts_orchestrator.js:71:15)\n    at processChapter (D:\\Startups\\Wisme\\Dev\\Journey-Creation\\server.js:496:24)\n    at process.processTicksAndRejections (node:internal/process/task_queues:105:5)","timestamp":"2025-11-15T18:55:17.571Z"}
{"error":"Google TTS not initialized","level":"info","message":"Job c69224c5-f3b2-4ef5-8c8c-a35b4026654a status updated to failed","progress":null,"timestamp":"2025-11-15T18:55:17.571Z"}
{"level":"info","message":"Journey Creation School Pipeline server running on port 3000","timestamp":"2025-11-15T18:56:16.060Z"}
{"jobId":"eced8601-2eb8-4633-9d55-960fda4bd6d1","level":"info","message":"Starting chapter processing for var-intro-004","metadata":{"chapter_id":"var-intro-004","grade_band":"6","language":"en-IN","subject":"Programming","teacher_review":false},"timestamp":"2025-11-15T18:56:28.946Z"}
{"error":null,"level":"info","message":"Job eced8601-2eb8-4633-9d55-960fda4bd6d1 status updated to processing","progress":10,"timestamp":"2025-11-15T18:56:28.947Z"}
{"level":"info","message":"Step 1: Processing PDF for var-intro-004","timestamp":"2025-11-15T18:56:28.947Z"}
{"error":null,"level":"info","message":"Job eced8601-2eb8-4633-9d55-960fda4bd6d1 status updated to extracting_text","progress":20,"timestamp":"2025-11-15T18:56:28.947Z"}
{"error":null,"level":"info","message":"Job eced8601-2eb8-4633-9d55-960fda4bd6d1 status updated to analyzing_content","progress":30,"timestamp":"2025-11-15T18:56:29.070Z"}
{"level":"info","message":"Step 2: Extracting concepts for var-intro-004","timestamp":"2025-11-15T18:56:29.071Z"}
{"level":"info","message":"Saved concepts.json to D:\\Startups\\Wisme\\Dev\\Journey-Creation\\outputs\\chapter_var-intro-004\\concepts.json","timestamp":"2025-11-15T18:56:29.088Z"}
{"error":null,"level":"info","message":"Job eced8601-2eb8-4633-9d55-960fda4bd6d1 status updated to planning_episodes","progress":40,"timestamp":"2025-11-15T18:56:29.088Z"}
{"level":"info","message":"Step 3: Planning episodes for var-intro-004","timestamp":"2025-11-15T18:56:29.088Z"}
{"level":"info","message":"Saved episode_plan.json to D:\\Startups\\Wisme\\Dev\\Journey-Creation\\outputs\\chapter_var-intro-004\\episode_plan.json","timestamp":"2025-11-15T18:56:29.098Z"}
{"error":null,"level":"info","message":"Job eced8601-2eb8-4633-9d55-960fda4bd6d1 status updated to generating_scripts","progress":50,"timestamp":"2025-11-15T18:56:29.098Z"}
{"level":"info","message":"Step 4: Generating content for 1 episodes","timestamp":"2025-11-15T18:56:29.098Z"}
{"error":null,"level":"info","message":"Job eced8601-2eb8-4633-9d55-960fda4bd6d1 status updated to generating_episode_1","progress":50,"timestamp":"2025-11-15T18:56:29.098Z"}
{"error":null,"level":"info","message":"Job eced8601-2eb8-4633-9d55-960fda4bd6d1 status updated to generating_audio","progress":80,"timestamp":"2025-11-15T18:56:29.109Z"}
{"level":"info","message":"Step 5: Generating audio for all episodes","timestamp":"2025-11-15T18:56:29.109Z"}
{"error":"Google TTS not initialized","level":"error","message":"Chapter processing failed for job eced8601-2eb8-4633-9d55-960fda4bd6d1","stack":"Error: Google TTS not initialized\n    at TTSOrchestrator.generateEpisodeAudio (D:\\Startups\\Wisme\\Dev\\Journey-Creation\\services\\tts\\tts_orchestrator.js:71:15)\n    at processChapter (D:\\Startups\\Wisme\\Dev\\Journey-Creation\\server.js:496:24)\n    at process.processTicksAndRejections (node:internal/process/task_queues:105:5)","timestamp":"2025-11-15T18:56:29.110Z"}
{"error":"Google TTS not initialized","level":"info","message":"Job eced8601-2eb8-4633-9d55-960fda4bd6d1 status updated to failed","progress":null,"timestamp":"2025-11-15T18:56:29.110Z"}
{"level":"info","message":"Journey Creation School Pipeline server running on port 3000","timestamp":"2025-11-15T18:58:20.865Z"}
{"jobId":"92e48ffc-3394-4f8a-b565-f6cd928f112a","level":"info","message":"Starting chapter processing for var-intro-final-test","metadata":{"chapter_id":"var-intro-final-test","grade_band":"6","language":"en-IN","subject":"Programming","teacher_review":false},"timestamp":"2025-11-15T18:58:30.102Z"}
{"error":null,"level":"info","message":"Job 92e48ffc-3394-4f8a-b565-f6cd928f112a status updated to processing","progress":10,"timestamp":"2025-11-15T18:58:30.102Z"}
{"level":"info","message":"Step 1: Processing PDF for var-intro-final-test","timestamp":"2025-11-15T18:58:30.102Z"}
{"error":null,"level":"info","message":"Job 92e48ffc-3394-4f8a-b565-f6cd928f112a status updated to extracting_text","progress":20,"timestamp":"2025-11-15T18:58:30.103Z"}
{"error":null,"level":"info","message":"Job 92e48ffc-3394-4f8a-b565-f6cd928f112a status updated to analyzing_content","progress":30,"timestamp":"2025-11-15T18:58:30.226Z"}
{"level":"info","message":"Step 2: Extracting concepts for var-intro-final-test","timestamp":"2025-11-15T18:58:30.226Z"}
{"level":"info","message":"Saved concepts.json to D:\\Startups\\Wisme\\Dev\\Journey-Creation\\outputs\\chapter_var-intro-final-test\\concepts.json","timestamp":"2025-11-15T18:58:30.250Z"}
{"error":null,"level":"info","message":"Job 92e48ffc-3394-4f8a-b565-f6cd928f112a status updated to planning_episodes","progress":40,"timestamp":"2025-11-15T18:58:30.250Z"}
{"level":"info","message":"Step 3: Planning episodes for var-intro-final-test","timestamp":"2025-11-15T18:58:30.250Z"}
{"level":"info","message":"Saved episode_plan.json to D:\\Startups\\Wisme\\Dev\\Journey-Creation\\outputs\\chapter_var-intro-final-test\\episode_plan.json","timestamp":"2025-11-15T18:58:30.259Z"}
{"error":null,"level":"info","message":"Job 92e48ffc-3394-4f8a-b565-f6cd928f112a status updated to generating_scripts","progress":50,"timestamp":"2025-11-15T18:58:30.259Z"}
{"level":"info","message":"Step 4: Generating content for 1 episodes","timestamp":"2025-11-15T18:58:30.259Z"}
{"error":null,"level":"info","message":"Job 92e48ffc-3394-4f8a-b565-f6cd928f112a status updated to generating_episode_1","progress":50,"timestamp":"2025-11-15T18:58:30.259Z"}
{"error":null,"level":"info","message":"Job 92e48ffc-3394-4f8a-b565-f6cd928f112a status updated to generating_audio","progress":80,"timestamp":"2025-11-15T18:58:30.274Z"}
{"level":"info","message":"Step 5: Generating audio for all episodes","timestamp":"2025-11-15T18:58:30.274Z"}
{"error":"Google TTS not initialized","level":"error","message":"Chapter processing failed for job 92e48ffc-3394-4f8a-b565-f6cd928f112a","stack":"Error: Google TTS not initialized\n    at TTSOrchestrator.generateEpisodeAudio (D:\\Startups\\Wisme\\Dev\\Journey-Creation\\services\\tts\\tts_orchestrator.js:71:15)\n    at processChapter (D:\\Startups\\Wisme\\Dev\\Journey-Creation\\server.js:496:24)\n    at process.processTicksAndRejections (node:internal/process/task_queues:105:5)","timestamp":"2025-11-15T18:58:30.275Z"}
{"error":"Google TTS not initialized","level":"info","message":"Job 92e48ffc-3394-4f8a-b565-f6cd928f112a status updated to failed","progress":null,"timestamp":"2025-11-15T18:58:30.275Z"}
{"jobId":"6444f3fb-e856-487d-a716-4c4afe1b085f","level":"info","message":"Starting chapter processing for test-with-fixed-backend","metadata":{"chapter_id":"test-with-fixed-backend","grade_band":"6","language":"en-IN","subject":"Programming","teacher_review":false},"timestamp":"2025-11-15T19:02:48.028Z"}
{"error":null,"level":"info","message":"Job 6444f3fb-e856-487d-a716-4c4afe1b085f status updated to processing","progress":10,"timestamp":"2025-11-15T19:02:48.029Z"}
{"level":"info","message":"Step 1: Processing PDF for test-with-fixed-backend","timestamp":"2025-11-15T19:02:48.029Z"}
{"error":null,"level":"info","message":"Job 6444f3fb-e856-487d-a716-4c4afe1b085f status updated to extracting_text","progress":20,"timestamp":"2025-11-15T19:02:48.029Z"}
{"error":"PDF processing failed: {\"chapter_id\":\"test-with-fixed-backend\",\"failed_stage\":\"text_extraction\",\"fail_reasons\":[\"OCR_error_rate_too_high: 1\",\"no_fallback_available\"],\"processing_time_ms\":22,\"suggested_action\":\"human_review_required\"}","level":"error","message":"Chapter processing failed for job 6444f3fb-e856-487d-a716-4c4afe1b085f","stack":"Error: PDF processing failed: {\"chapter_id\":\"test-with-fixed-backend\",\"failed_stage\":\"text_extraction\",\"fail_reasons\":[\"OCR_error_rate_too_high: 1\",\"no_fallback_available\"],\"processing_time_ms\":22,\"suggested_action\":\"human_review_required\"}\n    at processChapter (D:\\Startups\\Wisme\\Dev\\Journey-Creation\\server.js:425:13)\n    at process.processTicksAndRejections (node:internal/process/task_queues:105:5)","timestamp":"2025-11-15T19:02:48.051Z"}
{"error":"PDF processing failed: {\"chapter_id\":\"test-with-fixed-backend\",\"failed_stage\":\"text_extraction\",\"fail_reasons\":[\"OCR_error_rate_too_high: 1\",\"no_fallback_available\"],\"processing_time_ms\":22,\"suggested_action\":\"human_review_required\"}","level":"info","message":"Job 6444f3fb-e856-487d-a716-4c4afe1b085f status updated to failed","progress":null,"timestamp":"2025-11-15T19:02:48.052Z"}
{"level":"info","message":"Journey Creation School Pipeline server running on port 3000","timestamp":"2025-11-15T19:03:32.272Z"}
{"jobId":"b062ecb0-8048-4bda-b569-2af8d26b090b","level":"info","message":"Starting chapter processing for concept-extraction-test","metadata":{"chapter_id":"concept-extraction-test","grade_band":"6","language":"en-IN","subject":"Programming","teacher_review":false},"timestamp":"2025-11-15T19:03:50.451Z"}
{"error":null,"level":"info","message":"Job b062ecb0-8048-4bda-b569-2af8d26b090b status updated to processing","progress":10,"timestamp":"2025-11-15T19:03:50.451Z"}
{"level":"info","message":"Step 1: Processing PDF for concept-extraction-test","timestamp":"2025-11-15T19:03:50.452Z"}
{"error":null,"level":"info","message":"Job b062ecb0-8048-4bda-b569-2af8d26b090b status updated to extracting_text","progress":20,"timestamp":"2025-11-15T19:03:50.452Z"}
{"error":null,"level":"info","message":"Job b062ecb0-8048-4bda-b569-2af8d26b090b status updated to analyzing_content","progress":30,"timestamp":"2025-11-15T19:03:50.574Z"}
{"level":"info","message":"Step 2: Extracting concepts for concept-extraction-test","timestamp":"2025-11-15T19:03:50.575Z"}
{"level":"info","message":"Saved concepts.json to D:\\Startups\\Wisme\\Dev\\Journey-Creation\\outputs\\chapter_concept-extraction-test\\concepts.json","timestamp":"2025-11-15T19:03:50.600Z"}
{"error":null,"level":"info","message":"Job b062ecb0-8048-4bda-b569-2af8d26b090b status updated to planning_episodes","progress":40,"timestamp":"2025-11-15T19:03:50.600Z"}
{"level":"info","message":"Step 3: Planning episodes for concept-extraction-test","timestamp":"2025-11-15T19:03:50.600Z"}
{"level":"info","message":"Saved episode_plan.json to D:\\Startups\\Wisme\\Dev\\Journey-Creation\\outputs\\chapter_concept-extraction-test\\episode_plan.json","timestamp":"2025-11-15T19:03:50.610Z"}
{"error":null,"level":"info","message":"Job b062ecb0-8048-4bda-b569-2af8d26b090b status updated to generating_scripts","progress":50,"timestamp":"2025-11-15T19:03:50.610Z"}
{"level":"info","message":"Step 4: Generating content for 1 episodes","timestamp":"2025-11-15T19:03:50.610Z"}
{"error":null,"level":"info","message":"Job b062ecb0-8048-4bda-b569-2af8d26b090b status updated to generating_episode_1","progress":50,"timestamp":"2025-11-15T19:03:50.610Z"}
{"error":null,"level":"info","message":"Job b062ecb0-8048-4bda-b569-2af8d26b090b status updated to generating_audio","progress":80,"timestamp":"2025-11-15T19:03:50.625Z"}
{"level":"info","message":"Step 5: Generating audio for all episodes","timestamp":"2025-11-15T19:03:50.625Z"}
{"error":"Google TTS not initialized","level":"error","message":"Chapter processing failed for job b062ecb0-8048-4bda-b569-2af8d26b090b","stack":"Error: Google TTS not initialized\n    at TTSOrchestrator.generateEpisodeAudio (D:\\Startups\\Wisme\\Dev\\Journey-Creation\\services\\tts\\tts_orchestrator.js:71:15)\n    at processChapter (D:\\Startups\\Wisme\\Dev\\Journey-Creation\\server.js:496:24)\n    at process.processTicksAndRejections (node:internal/process/task_queues:105:5)","timestamp":"2025-11-15T19:03:50.626Z"}
{"error":"Google TTS not initialized","level":"info","message":"Job b062ecb0-8048-4bda-b569-2af8d26b090b status updated to failed","progress":null,"timestamp":"2025-11-15T19:03:50.626Z"}
{"level":"info","message":"Journey Creation School Pipeline server running on port 3000","timestamp":"2025-11-15T19:11:32.062Z"}
