{"level":"info","message":{"action":"concept_extraction_start","chapterId":"var-intro-003","contentLength":677,"grade":"6","subject":"Programming"},"timestamp":"2025-11-15T18:55:17.524Z"}
{"level":"warn","message":{"action":"ai_extraction_failed","error":"fetch failed"},"timestamp":"2025-11-15T18:55:17.541Z"}
{"level":"info","message":{"action":"heuristic_extraction_complete","conceptCount":0},"timestamp":"2025-11-15T18:55:17.543Z"}
{"level":"warn","message":{"action":"insufficient_concepts","chapterId":"var-intro-003","count":0},"timestamp":"2025-11-15T18:55:17.543Z"}
{"level":"info","message":{"action":"graph_built","edges":0,"nodes":3},"timestamp":"2025-11-15T18:55:17.544Z"}
{"level":"info","message":{"action":"concept_extraction_complete","chapterId":"var-intro-003","conceptCount":3,"processingTime":20},"timestamp":"2025-11-15T18:55:17.544Z"}
{"level":"info","message":{"action":"concept_extraction_start","chapterId":"var-intro-004","contentLength":677,"grade":"6","subject":"Programming"},"timestamp":"2025-11-15T18:56:29.071Z"}
{"level":"warn","message":{"action":"ai_extraction_failed","error":"fetch failed"},"timestamp":"2025-11-15T18:56:29.086Z"}
{"level":"info","message":{"action":"heuristic_extraction_complete","conceptCount":0},"timestamp":"2025-11-15T18:56:29.086Z"}
{"level":"warn","message":{"action":"insufficient_concepts","chapterId":"var-intro-004","count":0},"timestamp":"2025-11-15T18:56:29.087Z"}
{"level":"info","message":{"action":"graph_built","edges":0,"nodes":3},"timestamp":"2025-11-15T18:56:29.087Z"}
{"level":"info","message":{"action":"concept_extraction_complete","chapterId":"var-intro-004","conceptCount":3,"processingTime":16},"timestamp":"2025-11-15T18:56:29.087Z"}
{"level":"info","message":{"action":"concept_extraction_start","chapterId":"var-intro-final-test","contentLength":677,"grade":"6","subject":"Programming"},"timestamp":"2025-11-15T18:58:30.227Z"}
{"level":"warn","message":{"action":"ai_extraction_failed","error":"AI extraction failed: 500"},"timestamp":"2025-11-15T18:58:30.247Z"}
{"level":"info","message":{"action":"heuristic_extraction_complete","conceptCount":0},"timestamp":"2025-11-15T18:58:30.248Z"}
{"level":"warn","message":{"action":"insufficient_concepts","chapterId":"var-intro-final-test","count":0},"timestamp":"2025-11-15T18:58:30.248Z"}
{"level":"info","message":{"action":"graph_built","edges":0,"nodes":3},"timestamp":"2025-11-15T18:58:30.249Z"}
{"level":"info","message":{"action":"concept_extraction_complete","chapterId":"var-intro-final-test","conceptCount":3,"processingTime":22},"timestamp":"2025-11-15T18:58:30.249Z"}
{"level":"info","message":{"action":"concept_extractor_initialized","url":"http://localhost:8000"},"timestamp":"2025-11-15T19:03:32.217Z"}
{"level":"info","message":{"action":"concept_extraction_start","chapterId":"concept-extraction-test","contentLength":677,"grade":"6","subject":"Programming"},"timestamp":"2025-11-15T19:03:50.575Z"}
{"level":"info","message":{"action":"ai_extraction_success","conceptCount":3},"timestamp":"2025-11-15T19:03:50.597Z"}
{"level":"info","message":{"action":"heuristic_extraction_complete","conceptCount":0},"timestamp":"2025-11-15T19:03:50.598Z"}
{"level":"warn","message":{"action":"insufficient_concepts","chapterId":"concept-extraction-test","count":0},"timestamp":"2025-11-15T19:03:50.598Z"}
{"level":"info","message":{"action":"graph_built","edges":0,"nodes":3},"timestamp":"2025-11-15T19:03:50.598Z"}
{"level":"info","message":{"action":"concept_extraction_complete","chapterId":"concept-extraction-test","conceptCount":3,"processingTime":24},"timestamp":"2025-11-15T19:03:50.599Z"}
{"level":"info","message":{"action":"concept_extractor_initialized","url":"http://localhost:8000"},"timestamp":"2025-11-15T19:11:32.005Z"}
