{"level":"info","message":{"action":"episode_planning_start","chapterId":"var-intro-003","conceptCount":3,"metadata":{"chapter_id":"var-intro-003","concept_count":3,"grade_band":"6","language":"en-IN","subject":"Programming","teacher_review":false,"word_count":1}},"timestamp":"2025-11-15T18:55:17.545Z"}
{"level":"info","message":{"action":"episode_count_calculated","chapterSize":"medium","range":[4,6],"targetCount":5},"timestamp":"2025-11-15T18:55:17.546Z"}
{"level":"info","message":{"action":"dependency_graph_built","edges":0,"nodes":3},"timestamp":"2025-11-15T18:55:17.546Z"}
{"level":"info","message":{"action":"topological_sort_complete","conceptCount":3},"timestamp":"2025-11-15T18:55:17.554Z"}
{"level":"info","message":{"action":"greedy_clustering_complete","episodeCount":1,"targetCount":5},"timestamp":"2025-11-15T18:55:17.555Z"}
{"level":"info","message":{"action":"episode_plan_optimized","optimizedCount":1,"originalCount":1},"timestamp":"2025-11-15T18:55:17.555Z"}
{"level":"info","message":{"action":"episode_planning_complete","chapterId":"var-intro-003","episodeCount":1,"processingTime":10},"timestamp":"2025-11-15T18:55:17.555Z"}
{"level":"info","message":{"action":"episode_planning_start","chapterId":"var-intro-004","conceptCount":3,"metadata":{"chapter_id":"var-intro-004","concept_count":3,"grade_band":"6","language":"en-IN","subject":"Programming","teacher_review":false,"word_count":1}},"timestamp":"2025-11-15T18:56:29.088Z"}
{"level":"info","message":{"action":"episode_count_calculated","chapterSize":"medium","range":[4,6],"targetCount":6},"timestamp":"2025-11-15T18:56:29.089Z"}
{"level":"info","message":{"action":"dependency_graph_built","edges":0,"nodes":3},"timestamp":"2025-11-15T18:56:29.089Z"}
{"level":"info","message":{"action":"topological_sort_complete","conceptCount":3},"timestamp":"2025-11-15T18:56:29.096Z"}
{"level":"info","message":{"action":"greedy_clustering_complete","episodeCount":1,"targetCount":6},"timestamp":"2025-11-15T18:56:29.096Z"}
{"level":"info","message":{"action":"episode_plan_optimized","optimizedCount":1,"originalCount":1},"timestamp":"2025-11-15T18:56:29.097Z"}
{"level":"info","message":{"action":"episode_planning_complete","chapterId":"var-intro-004","episodeCount":1,"processingTime":9},"timestamp":"2025-11-15T18:56:29.097Z"}
{"level":"info","message":{"action":"episode_planning_start","chapterId":"var-intro-final-test","conceptCount":3,"metadata":{"chapter_id":"var-intro-final-test","concept_count":3,"grade_band":"6","language":"en-IN","subject":"Programming","teacher_review":false,"word_count":1}},"timestamp":"2025-11-15T18:58:30.250Z"}
{"level":"info","message":{"action":"episode_count_calculated","chapterSize":"medium","range":[4,6],"targetCount":6},"timestamp":"2025-11-15T18:58:30.250Z"}
{"level":"info","message":{"action":"dependency_graph_built","edges":0,"nodes":3},"timestamp":"2025-11-15T18:58:30.250Z"}
{"level":"info","message":{"action":"topological_sort_complete","conceptCount":3},"timestamp":"2025-11-15T18:58:30.258Z"}
{"level":"info","message":{"action":"greedy_clustering_complete","episodeCount":1,"targetCount":6},"timestamp":"2025-11-15T18:58:30.258Z"}
{"level":"info","message":{"action":"episode_plan_optimized","optimizedCount":1,"originalCount":1},"timestamp":"2025-11-15T18:58:30.258Z"}
{"level":"info","message":{"action":"episode_planning_complete","chapterId":"var-intro-final-test","episodeCount":1,"processingTime":8},"timestamp":"2025-11-15T18:58:30.258Z"}
{"level":"info","message":{"action":"episode_planning_start","chapterId":"concept-extraction-test","conceptCount":3,"metadata":{"chapter_id":"concept-extraction-test","concept_count":3,"grade_band":"6","language":"en-IN","subject":"Programming","teacher_review":false,"word_count":1}},"timestamp":"2025-11-15T19:03:50.600Z"}
{"level":"info","message":{"action":"episode_count_calculated","chapterSize":"medium","range":[4,6],"targetCount":5},"timestamp":"2025-11-15T19:03:50.601Z"}
{"level":"info","message":{"action":"dependency_graph_built","edges":0,"nodes":3},"timestamp":"2025-11-15T19:03:50.601Z"}
{"level":"info","message":{"action":"topological_sort_complete","conceptCount":3},"timestamp":"2025-11-15T19:03:50.608Z"}
{"level":"info","message":{"action":"greedy_clustering_complete","episodeCount":1,"targetCount":5},"timestamp":"2025-11-15T19:03:50.609Z"}
{"level":"info","message":{"action":"episode_plan_optimized","optimizedCount":1,"originalCount":1},"timestamp":"2025-11-15T19:03:50.609Z"}
{"level":"info","message":{"action":"episode_planning_complete","chapterId":"concept-extraction-test","episodeCount":1,"processingTime":9},"timestamp":"2025-11-15T19:03:50.609Z"}
