{
  message: {
    action: 'chapter_processing_start',
    chapterId: 'var-intro-001',
    metadata: {
      chapter_id: 'var-intro-001',
      grade_band: '6',
      subject: 'Programming',
      language: 'en-IN',
      teacher_review: false
    },
    timestamp: '2025-11-15T18:50:08.423Z'
  },
  level: 'info',
  timestamp: '2025-11-15T18:50:08.423Z'
}
{
  message: {
    action: 'chapter_processing_failed',
    chapterId: 'var-intro-001',
    error: 'Invalid file type - must be PDF',
    processingTimeMs: 1
  },
  level: 'error',
  timestamp: '2025-11-15T18:50:08.424Z'
}
{
  message: {
    action: 'chapter_processing_start',
    chapterId: 'var-intro-002',
    metadata: {
      chapter_id: 'var-intro-002',
      grade_band: '6',
      subject: 'Programming',
      language: 'en-IN',
      teacher_review: false
    },
    timestamp: '2025-11-15T18:51:30.844Z'
  },
  level: 'info',
  timestamp: '2025-11-15T18:51:30.844Z'
}
{
  message: {
    action: 'pdf_saved',
    path: 'D:\\Startups\\Wisme\\Dev\\Journey-Creation\\Chapter_PDF\\var-intro-002.pdf',
    size: 2025
  },
  level: 'info',
  timestamp: '2025-11-15T18:51:30.845Z'
}
{
  message: { action: 'ocr_fallback_start', chapterId: 'var-intro-002' },
  level: 'info',
  timestamp: '2025-11-15T18:51:30.905Z'
}
{
  message: {
    action: 'chapter_processing_start',
    chapterId: 'var-intro-003',
    metadata: {
      chapter_id: 'var-intro-003',
      grade_band: '6',
      subject: 'Programming',
      language: 'en-IN',
      teacher_review: false
    },
    timestamp: '2025-11-15T18:55:17.394Z'
  },
  level: 'info',
  timestamp: '2025-11-15T18:55:17.395Z'
}
{
  message: {
    action: 'pdf_saved',
    path: 'D:\\Startups\\Wisme\\Dev\\Journey-Creation\\Chapter_PDF\\var-intro-003.pdf',
    size: 2025
  },
  level: 'info',
  timestamp: '2025-11-15T18:55:17.397Z'
}
{
  message: { action: 'direct_pdf_failed', error: 'bad XRef entry' },
  level: 'warn',
  timestamp: '2025-11-15T18:55:17.444Z'
}
{
  message: { action: 'ocr_fallback_start', chapterId: 'var-intro-003' },
  level: 'info',
  timestamp: '2025-11-15T18:55:17.444Z'
}
{
  message: {
    action: 'pdf_to_image_conversion_start',
    pdfPath: 'D:\\Startups\\Wisme\\Dev\\Journey-Creation\\Chapter_PDF\\var-intro-003.pdf'
  },
  level: 'info',
  timestamp: '2025-11-15T18:55:17.445Z'
}
{
  message: {
    action: 'ocr_error',
    error: `Could not execute GraphicsMagick/ImageMagick: gm "identify" "-ping" "-format" "%p" "-" this most likely means the gm/convert binaries can't be found`
  },
  level: 'error',
  timestamp: '2025-11-15T18:55:17.503Z'
}
{
  message: { action: 'ocr_quality_insufficient', errorRate: 1, threshold: 0.02 },
  level: 'warn',
  timestamp: '2025-11-15T18:55:17.504Z'
}
{
  message: {
    action: 'fallback_to_direct_pdf',
    reason: 'ocr_quality_insufficient',
    textLength: 561
  },
  level: 'info',
  timestamp: '2025-11-15T18:55:17.520Z'
}
{
  message: {
    action: 'chapter_processing_complete',
    chapterId: 'var-intro-003',
    processingTimeMs: 127,
    success: true
  },
  level: 'info',
  timestamp: '2025-11-15T18:55:17.521Z'
}
{
  message: {
    action: 'chapter_data_saved',
    chapterId: 'var-intro-003',
    outputDir: 'D:\\Startups\\Wisme\\Dev\\Journey-Creation\\outputs\\chapter_var-intro-003',
    files: [ 'chapter.md', 'raw_text.txt', 'processing_metadata.json' ]
  },
  level: 'info',
  timestamp: '2025-11-15T18:55:17.523Z'
}
{
  message: {
    action: 'chapter_processing_start',
    chapterId: 'var-intro-004',
    metadata: {
      chapter_id: 'var-intro-004',
      grade_band: '6',
      subject: 'Programming',
      language: 'en-IN',
      teacher_review: false
    },
    timestamp: '2025-11-15T18:56:28.948Z'
  },
  level: 'info',
  timestamp: '2025-11-15T18:56:28.948Z'
}
{
  message: {
    action: 'pdf_saved',
    path: 'D:\\Startups\\Wisme\\Dev\\Journey-Creation\\Chapter_PDF\\var-intro-004.pdf',
    size: 2025
  },
  level: 'info',
  timestamp: '2025-11-15T18:56:28.950Z'
}
{
  message: { action: 'direct_pdf_failed', error: 'bad XRef entry' },
  level: 'warn',
  timestamp: '2025-11-15T18:56:28.996Z'
}
{
  message: { action: 'ocr_fallback_start', chapterId: 'var-intro-004' },
  level: 'info',
  timestamp: '2025-11-15T18:56:28.996Z'
}
{
  message: {
    action: 'pdf_to_image_conversion_start',
    pdfPath: 'D:\\Startups\\Wisme\\Dev\\Journey-Creation\\Chapter_PDF\\var-intro-004.pdf'
  },
  level: 'info',
  timestamp: '2025-11-15T18:56:28.997Z'
}
{
  message: {
    action: 'ocr_error',
    error: `Could not execute GraphicsMagick/ImageMagick: gm "identify" "-ping" "-format" "%p" "-" this most likely means the gm/convert binaries can't be found`
  },
  level: 'error',
  timestamp: '2025-11-15T18:56:29.053Z'
}
{
  message: { action: 'ocr_quality_insufficient', errorRate: 1, threshold: 0.02 },
  level: 'warn',
  timestamp: '2025-11-15T18:56:29.054Z'
}
{
  message: {
    action: 'fallback_to_direct_pdf',
    reason: 'ocr_quality_insufficient',
    textLength: 561
  },
  level: 'info',
  timestamp: '2025-11-15T18:56:29.068Z'
}
{
  message: {
    action: 'chapter_processing_complete',
    chapterId: 'var-intro-004',
    processingTimeMs: 121,
    success: true
  },
  level: 'info',
  timestamp: '2025-11-15T18:56:29.069Z'
}
{
  message: {
    action: 'chapter_data_saved',
    chapterId: 'var-intro-004',
    outputDir: 'D:\\Startups\\Wisme\\Dev\\Journey-Creation\\outputs\\chapter_var-intro-004',
    files: [ 'chapter.md', 'raw_text.txt', 'processing_metadata.json' ]
  },
  level: 'info',
  timestamp: '2025-11-15T18:56:29.070Z'
}
{
  message: {
    action: 'chapter_processing_start',
    chapterId: 'var-intro-final-test',
    metadata: {
      chapter_id: 'var-intro-final-test',
      grade_band: '6',
      subject: 'Programming',
      language: 'en-IN',
      teacher_review: false
    },
    timestamp: '2025-11-15T18:58:30.103Z'
  },
  level: 'info',
  timestamp: '2025-11-15T18:58:30.103Z'
}
{
  message: {
    action: 'pdf_saved',
    path: 'D:\\Startups\\Wisme\\Dev\\Journey-Creation\\Chapter_PDF\\var-intro-final-test.pdf',
    size: 2025
  },
  level: 'info',
  timestamp: '2025-11-15T18:58:30.105Z'
}
{
  message: { action: 'direct_pdf_failed', error: 'bad XRef entry' },
  level: 'warn',
  timestamp: '2025-11-15T18:58:30.151Z'
}
{
  message: { action: 'ocr_fallback_start', chapterId: 'var-intro-final-test' },
  level: 'info',
  timestamp: '2025-11-15T18:58:30.151Z'
}
{
  message: {
    action: 'pdf_to_image_conversion_start',
    pdfPath: 'D:\\Startups\\Wisme\\Dev\\Journey-Creation\\Chapter_PDF\\var-intro-final-test.pdf'
  },
  level: 'info',
  timestamp: '2025-11-15T18:58:30.152Z'
}
{
  message: {
    action: 'ocr_error',
    error: `Could not execute GraphicsMagick/ImageMagick: gm "identify" "-ping" "-format" "%p" "-" this most likely means the gm/convert binaries can't be found`
  },
  level: 'error',
  timestamp: '2025-11-15T18:58:30.209Z'
}
{
  message: { action: 'ocr_quality_insufficient', errorRate: 1, threshold: 0.02 },
  level: 'warn',
  timestamp: '2025-11-15T18:58:30.209Z'
}
{
  message: {
    action: 'fallback_to_direct_pdf',
    reason: 'ocr_quality_insufficient',
    textLength: 561
  },
  level: 'info',
  timestamp: '2025-11-15T18:58:30.223Z'
}
{
  message: {
    action: 'chapter_processing_complete',
    chapterId: 'var-intro-final-test',
    processingTimeMs: 121,
    success: true
  },
  level: 'info',
  timestamp: '2025-11-15T18:58:30.224Z'
}
{
  message: {
    action: 'chapter_data_saved',
    chapterId: 'var-intro-final-test',
    outputDir: 'D:\\Startups\\Wisme\\Dev\\Journey-Creation\\outputs\\chapter_var-intro-final-test',
    files: [ 'chapter.md', 'raw_text.txt', 'processing_metadata.json' ]
  },
  level: 'info',
  timestamp: '2025-11-15T18:58:30.226Z'
}
{
  message: {
    action: 'chapter_processing_start',
    chapterId: 'test-with-fixed-backend',
    metadata: {
      chapter_id: 'test-with-fixed-backend',
      grade_band: '6',
      subject: 'Programming',
      language: 'en-IN',
      teacher_review: false
    },
    timestamp: '2025-11-15T19:02:48.029Z'
  },
  level: 'info',
  timestamp: '2025-11-15T19:02:48.029Z'
}
{
  message: {
    action: 'pdf_saved',
    path: 'D:\\Startups\\Wisme\\Dev\\Journey-Creation\\Chapter_PDF\\test-with-fixed-backend.pdf',
    size: 2025
  },
  level: 'info',
  timestamp: '2025-11-15T19:02:48.030Z'
}
{
  message: { action: 'direct_pdf_failed', error: 'bad XRef entry' },
  level: 'warn',
  timestamp: '2025-11-15T19:02:48.031Z'
}
{
  message: {
    action: 'ocr_fallback_start',
    chapterId: 'test-with-fixed-backend'
  },
  level: 'info',
  timestamp: '2025-11-15T19:02:48.031Z'
}
{
  message: {
    action: 'pdf_to_image_conversion_start',
    pdfPath: 'D:\\Startups\\Wisme\\Dev\\Journey-Creation\\Chapter_PDF\\test-with-fixed-backend.pdf'
  },
  level: 'info',
  timestamp: '2025-11-15T19:02:48.031Z'
}
{
  message: {
    action: 'ocr_error',
    error: `Could not execute GraphicsMagick/ImageMagick: gm "identify" "-ping" "-format" "%p" "-" this most likely means the gm/convert binaries can't be found`
  },
  level: 'error',
  timestamp: '2025-11-15T19:02:48.050Z'
}
{
  message: { action: 'ocr_quality_insufficient', errorRate: 1, threshold: 0.02 },
  level: 'warn',
  timestamp: '2025-11-15T19:02:48.051Z'
}
{
  message: { action: 'fallback_pdf_failed', error: 'bad XRef entry' },
  level: 'error',
  timestamp: '2025-11-15T19:02:48.051Z'
}
{
  message: {
    action: 'chapter_processing_start',
    chapterId: 'concept-extraction-test',
    metadata: {
      chapter_id: 'concept-extraction-test',
      grade_band: '6',
      subject: 'Programming',
      language: 'en-IN',
      teacher_review: false
    },
    timestamp: '2025-11-15T19:03:50.452Z'
  },
  level: 'info',
  timestamp: '2025-11-15T19:03:50.452Z'
}
{
  message: {
    action: 'pdf_saved',
    path: 'D:\\Startups\\Wisme\\Dev\\Journey-Creation\\Chapter_PDF\\concept-extraction-test.pdf',
    size: 2025
  },
  level: 'info',
  timestamp: '2025-11-15T19:03:50.455Z'
}
{
  message: { action: 'direct_pdf_failed', error: 'bad XRef entry' },
  level: 'warn',
  timestamp: '2025-11-15T19:03:50.499Z'
}
{
  message: {
    action: 'ocr_fallback_start',
    chapterId: 'concept-extraction-test'
  },
  level: 'info',
  timestamp: '2025-11-15T19:03:50.500Z'
}
{
  message: {
    action: 'pdf_to_image_conversion_start',
    pdfPath: 'D:\\Startups\\Wisme\\Dev\\Journey-Creation\\Chapter_PDF\\concept-extraction-test.pdf'
  },
  level: 'info',
  timestamp: '2025-11-15T19:03:50.500Z'
}
{
  message: {
    action: 'ocr_error',
    error: `Could not execute GraphicsMagick/ImageMagick: gm "identify" "-ping" "-format" "%p" "-" this most likely means the gm/convert binaries can't be found`
  },
  level: 'error',
  timestamp: '2025-11-15T19:03:50.557Z'
}
{
  message: { action: 'ocr_quality_insufficient', errorRate: 1, threshold: 0.02 },
  level: 'warn',
  timestamp: '2025-11-15T19:03:50.558Z'
}
{
  message: {
    action: 'fallback_to_direct_pdf',
    reason: 'ocr_quality_insufficient',
    textLength: 561
  },
  level: 'info',
  timestamp: '2025-11-15T19:03:50.572Z'
}
{
  message: {
    action: 'chapter_processing_complete',
    chapterId: 'concept-extraction-test',
    processingTimeMs: 121,
    success: true
  },
  level: 'info',
  timestamp: '2025-11-15T19:03:50.573Z'
}
{
  message: {
    action: 'chapter_data_saved',
    chapterId: 'concept-extraction-test',
    outputDir: 'D:\\Startups\\Wisme\\Dev\\Journey-Creation\\outputs\\chapter_concept-extraction-test',
    files: [ 'chapter.md', 'raw_text.txt', 'processing_metadata.json' ]
  },
  level: 'info',
  timestamp: '2025-11-15T19:03:50.574Z'
}
